[debug] [2021-04-05T14:22:35.366Z] ----------------------------------------------------------------------
[debug] [2021-04-05T14:22:35.367Z] Command:       /usr/bin/node /usr/local/bin/firebase deploy --only functions:helloWorld
[debug] [2021-04-05T14:22:35.368Z] CLI Version:   9.8.0
[debug] [2021-04-05T14:22:35.368Z] Platform:      linux
[debug] [2021-04-05T14:22:35.368Z] Node Version:  v10.19.0
[debug] [2021-04-05T14:22:35.368Z] Time:          Mon Apr 05 2021 16:22:35 GMT+0200 (Central European Summer Time)
[debug] [2021-04-05T14:22:35.368Z] ----------------------------------------------------------------------
[debug] 
[debug] [2021-04-05T14:22:35.377Z] > command requires scopes: ["email","openid","https://www.googleapis.com/auth/cloudplatformprojects.readonly","https://www.googleapis.com/auth/firebase","https://www.googleapis.com/auth/cloud-platform"]
[debug] [2021-04-05T14:22:35.377Z] > authorizing via signed-in user
[debug] [2021-04-05T14:22:35.377Z] [iam] checking project main-nucleus-309421 for permissions ["cloudfunctions.functions.create","cloudfunctions.functions.delete","cloudfunctions.functions.get","cloudfunctions.functions.list","cloudfunctions.functions.update","cloudfunctions.operations.get","firebase.projects.get"]
[debug] [2021-04-05T14:22:35.379Z] > refreshing access token with scopes: ["email","https://www.googleapis.com/auth/cloud-platform","https://www.googleapis.com/auth/cloudplatformprojects.readonly","https://www.googleapis.com/auth/firebase","openid"]
[debug] [2021-04-05T14:22:35.379Z] >>> HTTP REQUEST POST https://www.googleapis.com/oauth2/v3/token  
 <request body omitted>
[debug] [2021-04-05T14:22:35.467Z] <<< HTTP RESPONSE 200 {"date":"Mon, 05 Apr 2021 14:22:35 GMT","cache-control":"no-cache, no-store, max-age=0, must-revalidate","expires":"Mon, 01 Jan 1990 00:00:00 GMT","pragma":"no-cache","content-type":"application/json; charset=utf-8","vary":"X-Origin, Referer, Origin,Accept-Encoding","server":"scaffolding on HTTPServer2","x-xss-protection":"0","x-frame-options":"SAMEORIGIN","x-content-type-options":"nosniff","alt-svc":"h3-29=\":443\"; ma=2592000,h3-T051=\":443\"; ma=2592000,h3-Q050=\":443\"; ma=2592000,h3-Q046=\":443\"; ma=2592000,h3-Q043=\":443\"; ma=2592000,quic=\":443\"; ma=2592000; v=\"46,43\"","accept-ranges":"none","transfer-encoding":"chunked"}
[debug] [2021-04-05T14:22:35.476Z] >>> HTTP REQUEST POST https://cloudresourcemanager.googleapis.com/v1/projects/main-nucleus-309421:testIamPermissions  
 {"permissions":["cloudfunctions.functions.create","cloudfunctions.functions.delete","cloudfunctions.functions.get","cloudfunctions.functions.list","cloudfunctions.functions.update","cloudfunctions.operations.get","firebase.projects.get"]}
[debug] [2021-04-05T14:22:36.196Z] <<< HTTP RESPONSE 200 {"content-type":"application/json; charset=UTF-8","vary":"X-Origin, Referer, Origin,Accept-Encoding","date":"Mon, 05 Apr 2021 14:22:36 GMT","server":"ESF","cache-control":"private","x-xss-protection":"0","x-frame-options":"SAMEORIGIN","x-content-type-options":"nosniff","server-timing":"gfet4t7; dur=581","alt-svc":"h3-29=\":443\"; ma=2592000,h3-T051=\":443\"; ma=2592000,h3-Q050=\":443\"; ma=2592000,h3-Q046=\":443\"; ma=2592000,h3-Q043=\":443\"; ma=2592000,quic=\":443\"; ma=2592000; v=\"46,43\"","accept-ranges":"none","transfer-encoding":"chunked"}
[debug] [2021-04-05T14:22:36.199Z] >>> HTTP REQUEST POST https://iam.googleapis.com/v1/projects/main-nucleus-309421/serviceAccounts/main-nucleus-309421@appspot.gserviceaccount.com:testIamPermissions  
 {"permissions":["iam.serviceAccounts.actAs"]}
[debug] [2021-04-05T14:22:36.801Z] <<< HTTP RESPONSE 200 {"content-type":"application/json; charset=UTF-8","vary":"X-Origin, Referer, Origin,Accept-Encoding","date":"Mon, 05 Apr 2021 14:22:36 GMT","server":"ESF","cache-control":"private","x-xss-protection":"0","x-frame-options":"SAMEORIGIN","x-content-type-options":"nosniff","alt-svc":"h3-29=\":443\"; ma=2592000,h3-T051=\":443\"; ma=2592000,h3-Q050=\":443\"; ma=2592000,h3-Q046=\":443\"; ma=2592000,h3-Q043=\":443\"; ma=2592000,quic=\":443\"; ma=2592000; v=\"46,43\"","accept-ranges":"none","transfer-encoding":"chunked"}
[info] 
[info] === Deploying to 'main-nucleus-309421'...
[info] 
[info] i  deploying functions 
[info] Running command: npm --prefix "$RESOURCE_DIR" run lint
[info] Running command: npm --prefix "$RESOURCE_DIR" run build
[info] ✔  functions: Finished running predeploy script. 
[info] i  functions: ensuring required API cloudfunctions.googleapis.com is enabled... 
[info] i  functions: ensuring required API cloudbuild.googleapis.com is enabled... 
[debug] [2021-04-05T14:22:53.877Z] >>> HTTP REQUEST GET https://serviceusage.googleapis.com/v1/projects/main-nucleus-309421/services/cloudfunctions.googleapis.com  
 
[debug] [2021-04-05T14:22:53.877Z] >>> HTTP REQUEST GET https://serviceusage.googleapis.com/v1/projects/main-nucleus-309421/services/runtimeconfig.googleapis.com  
 
[debug] [2021-04-05T14:22:53.878Z] >>> HTTP REQUEST GET https://serviceusage.googleapis.com/v1/projects/main-nucleus-309421/services/cloudbuild.googleapis.com  
 
[debug] [2021-04-05T14:22:54.655Z] <<< HTTP RESPONSE 200 {"content-type":"application/json; charset=UTF-8","vary":"X-Origin, Referer, Origin,Accept-Encoding","date":"Mon, 05 Apr 2021 14:22:54 GMT","server":"ESF","cache-control":"private","x-xss-protection":"0","x-frame-options":"SAMEORIGIN","x-content-type-options":"nosniff","alt-svc":"h3-29=\":443\"; ma=2592000,h3-T051=\":443\"; ma=2592000,h3-Q050=\":443\"; ma=2592000,h3-Q046=\":443\"; ma=2592000,h3-Q043=\":443\"; ma=2592000,quic=\":443\"; ma=2592000; v=\"46,43\"","accept-ranges":"none","transfer-encoding":"chunked"}
[debug] [2021-04-05T14:22:54.683Z] <<< HTTP RESPONSE 200 {"content-type":"application/json; charset=UTF-8","vary":"X-Origin, Referer, Origin,Accept-Encoding","date":"Mon, 05 Apr 2021 14:22:54 GMT","server":"ESF","cache-control":"private","x-xss-protection":"0","x-frame-options":"SAMEORIGIN","x-content-type-options":"nosniff","alt-svc":"h3-29=\":443\"; ma=2592000,h3-T051=\":443\"; ma=2592000,h3-Q050=\":443\"; ma=2592000,h3-Q046=\":443\"; ma=2592000,h3-Q043=\":443\"; ma=2592000,quic=\":443\"; ma=2592000; v=\"46,43\"","accept-ranges":"none","transfer-encoding":"chunked"}
[info] ✔  functions: required API cloudbuild.googleapis.com is enabled 
[debug] [2021-04-05T14:22:54.690Z] <<< HTTP RESPONSE 200 {"content-type":"application/json; charset=UTF-8","vary":"X-Origin, Referer, Origin,Accept-Encoding","date":"Mon, 05 Apr 2021 14:22:54 GMT","server":"ESF","cache-control":"private","x-xss-protection":"0","x-frame-options":"SAMEORIGIN","x-content-type-options":"nosniff","alt-svc":"h3-29=\":443\"; ma=2592000,h3-T051=\":443\"; ma=2592000,h3-Q050=\":443\"; ma=2592000,h3-Q046=\":443\"; ma=2592000,h3-Q043=\":443\"; ma=2592000,quic=\":443\"; ma=2592000; v=\"46,43\"","accept-ranges":"none","transfer-encoding":"chunked"}
[info] ✔  functions: required API cloudfunctions.googleapis.com is enabled 
[debug] [2021-04-05T14:22:54.692Z] >>> HTTP REQUEST GET https://firebase.googleapis.com/v1beta1/projects/main-nucleus-309421/adminSdkConfig  
 
[debug] [2021-04-05T14:22:54.979Z] <<< HTTP RESPONSE 200 {"content-type":"application/json; charset=UTF-8","vary":"X-Origin, Referer, Origin,Accept-Encoding","date":"Mon, 05 Apr 2021 14:22:54 GMT","server":"ESF","cache-control":"private","x-xss-protection":"0","x-frame-options":"SAMEORIGIN","x-content-type-options":"nosniff","alt-svc":"h3-29=\":443\"; ma=2592000,h3-T051=\":443\"; ma=2592000,h3-Q050=\":443\"; ma=2592000,h3-Q046=\":443\"; ma=2592000,h3-Q043=\":443\"; ma=2592000,quic=\":443\"; ma=2592000; v=\"46,43\"","accept-ranges":"none","transfer-encoding":"chunked"}
[info] i  functions: preparing functions directory for uploading... 
[debug] [2021-04-05T14:22:54.980Z] >>> HTTP REQUEST GET https://runtimeconfig.googleapis.com/v1beta1/projects/main-nucleus-309421/configs  
 
[debug] [2021-04-05T14:22:55.241Z] <<< HTTP RESPONSE 200 {"content-type":"application/json; charset=UTF-8","vary":"X-Origin, Referer, Origin,Accept-Encoding","date":"Mon, 05 Apr 2021 14:22:55 GMT","server":"ESF","cache-control":"private","x-xss-protection":"0","x-frame-options":"SAMEORIGIN","x-content-type-options":"nosniff","alt-svc":"h3-29=\":443\"; ma=2592000,h3-T051=\":443\"; ma=2592000,h3-Q050=\":443\"; ma=2592000,h3-Q046=\":443\"; ma=2592000,h3-Q043=\":443\"; ma=2592000,quic=\":443\"; ma=2592000; v=\"46,43\"","accept-ranges":"none","transfer-encoding":"chunked"}
[info] i  functions: packaged functions (1.87 MB) for uploading 
[debug] [2021-04-05T14:22:55.993Z] > [functions] package.json contents: {
  "name": "functions",
  "scripts": {
    "lint": "eslint --ext .js,.ts .",
    "build": "tsc",
    "serve": "npm run build && firebase emulators:start --only functions",
    "shell": "npm run build && firebase functions:shell",
    "start": "npm run shell",
    "deploy": "firebase deploy --only functions",
    "logs": "firebase functions:log"
  },
  "engines": {
    "node": "12"
  },
  "main": "lib/index.js",
  "dependencies": {
    "@google-cloud/storage": "^5.8.3",
    "firebase-admin": "^9.2.0",
    "firebase-functions": "^3.11.0",
    "js-file-download": "^0.4.12",
    "node-xlsx": "^0.16.1",
    "read-excel-file": "^5.0.0",
    "xlsx": "^0.16.9"
  },
  "devDependencies": {
    "@types/node-xlsx": "^0.15.1",
    "@typescript-eslint/eslint-plugin": "^3.9.1",
    "@typescript-eslint/parser": "^3.8.0",
    "eslint": "^7.6.0",
    "eslint-config-google": "^0.14.0",
    "eslint-plugin-import": "^2.22.0",
    "firebase-functions-test": "^0.2.0",
    "typescript": "^3.8.0"
  },
  "private": true
}
[debug] [2021-04-05T14:22:55.995Z] >>> HTTP REQUEST GET https://cloudfunctions.googleapis.com/v1/projects/main-nucleus-309421/locations/-/functions  
 
[debug] [2021-04-05T14:22:56.447Z] <<< HTTP RESPONSE 200 {"content-type":"application/json; charset=UTF-8","vary":"X-Origin, Referer, Origin,Accept-Encoding","date":"Mon, 05 Apr 2021 14:22:56 GMT","server":"ESF","cache-control":"private","x-xss-protection":"0","x-frame-options":"SAMEORIGIN","x-content-type-options":"nosniff","alt-svc":"h3-29=\":443\"; ma=2592000,h3-T051=\":443\"; ma=2592000,h3-Q050=\":443\"; ma=2592000,h3-Q046=\":443\"; ma=2592000,h3-Q043=\":443\"; ma=2592000,quic=\":443\"; ma=2592000; v=\"46,43\"","accept-ranges":"none","transfer-encoding":"chunked"}
[debug] [2021-04-05T14:22:56.450Z] >>> HTTP REQUEST POST https://cloudfunctions.googleapis.com/v1/projects/main-nucleus-309421/locations/us-central1/functions:generateUploadUrl  
 
[debug] [2021-04-05T14:22:56.983Z] <<< HTTP RESPONSE 200 {"content-type":"application/json; charset=UTF-8","vary":"X-Origin, Referer, Origin,Accept-Encoding","date":"Mon, 05 Apr 2021 14:22:56 GMT","server":"ESF","cache-control":"private","x-xss-protection":"0","x-frame-options":"SAMEORIGIN","x-content-type-options":"nosniff","alt-svc":"h3-29=\":443\"; ma=2592000,h3-T051=\":443\"; ma=2592000,h3-Q050=\":443\"; ma=2592000,h3-Q046=\":443\"; ma=2592000,h3-Q043=\":443\"; ma=2592000,quic=\":443\"; ma=2592000; v=\"46,43\"","accept-ranges":"none","transfer-encoding":"chunked"}
[debug] [2021-04-05T14:22:56.984Z] >>> HTTP REQUEST PUT https://storage.googleapis.com/gcf-upload-us-central1-101227d8-edbd-44d3-80a6-7e93e00f2c30/3d2e72ea-ee60-42ec-baf1-1aacb324f25d.zip?GoogleAccessId=service-687059308655@gcf-admin-robot.iam.gserviceaccount.com&Expires=1617634376&Signature=HMu95hRjt%2Feb4yQqHb95%2FkJS0IPtUenOnX2R7zG0oe%2B77PxNfPVL7p9Ibey2kkGa6AGmtYD8FB7iZaC51MgBJqvMUpi8q3qNKGcWhHInGyrh2WAnVlm5PzikSRnDFh6Arl3Oh4zwVsUigq1o3BcL8ccOd7SkpkPJAnzjnT%2FMeY%2F2VjyWfC6dUh1Hzv79U7aNqhCoCUpuxCnHCpu4zh2E1rgVmyrVK3h0waW7aGCDk5yt6sGa1laNUIMgtWBoqjllcPOovcCbeCA8Htj%2BrgzSs5ubb5rWC8IhXpT0HmbfMimbZmmP0GcYSUHoqfqfhFt5mRTXk8iZOWbODVMCPeAkSQ%3D%3D  
 <request body omitted>
[debug] [2021-04-05T14:22:57.801Z] <<< HTTP RESPONSE 200 {"x-guploader-uploadid":"ABg5-UzaFPiN17U9FCESJer9-zlOP51DjYCF8edglczz5HsOqws3N4XX7h7l_42n_M1YFlvd7ryY98RWrU4TIuQNvd8zzYI_kw","etag":"\"3616f8ebbf0400d02a9e425347a07413\"","x-goog-generation":"1617632577688665","x-goog-metageneration":"1","x-goog-hash":"crc32c=UvNnPQ==, md5=Nhb4678EANAqnkJTR6B0Ew==","x-goog-stored-content-length":"1961193","x-goog-stored-content-encoding":"identity","vary":"Origin","content-length":"0","date":"Mon, 05 Apr 2021 14:22:57 GMT","server":"UploadServer","content-type":"text/html; charset=UTF-8","alt-svc":"h3-29=\":443\"; ma=2592000,h3-T051=\":443\"; ma=2592000,h3-Q050=\":443\"; ma=2592000,h3-Q046=\":443\"; ma=2592000,h3-Q043=\":443\"; ma=2592000,quic=\":443\"; ma=2592000; v=\"46,43\""}
[info] ✔  functions: functions folder uploaded successfully 
[info] i  functions: updating Node.js 12 function helloWorld(us-central1)... 
[debug] [2021-04-05T14:22:57.808Z] >>> HTTP REQUEST PATCH https://cloudfunctions.googleapis.com/v1/projects/main-nucleus-309421/locations/us-central1/functions/helloWorld {"updateMask":"sourceUploadUrl,name,labels,runtime,environmentVariables,eventTrigger.resource,eventTrigger.eventType,eventTrigger.service,eventTrigger.failurePolicy"} 
 {"sourceUploadUrl":"https://storage.googleapis.com/gcf-upload-us-central1-101227d8-edbd-44d3-80a6-7e93e00f2c30/3d2e72ea-ee60-42ec-baf1-1aacb324f25d.zip?GoogleAccessId=service-687059308655@gcf-admin-robot.iam.gserviceaccount.com&Expires=1617634376&Signature=HMu95hRjt%2Feb4yQqHb95%2FkJS0IPtUenOnX2R7zG0oe%2B77PxNfPVL7p9Ibey2kkGa6AGmtYD8FB7iZaC51MgBJqvMUpi8q3qNKGcWhHInGyrh2WAnVlm5PzikSRnDFh6Arl3Oh4zwVsUigq1o3BcL8ccOd7SkpkPJAnzjnT%2FMeY%2F2VjyWfC6dUh1Hzv79U7aNqhCoCUpuxCnHCpu4zh2E1rgVmyrVK3h0waW7aGCDk5yt6sGa1laNUIMgtWBoqjllcPOovcCbeCA8Htj%2BrgzSs5ubb5rWC8IhXpT0HmbfMimbZmmP0GcYSUHoqfqfhFt5mRTXk8iZOWbODVMCPeAkSQ%3D%3D","name":"projects/main-nucleus-309421/locations/us-central1/functions/helloWorld","labels":{"deployment-tool":"cli-firebase"},"eventTrigger":{"resource":"projects/_/buckets/main-nucleus-309421.appspot.com","eventType":"google.storage.object.finalize","service":"storage.googleapis.com"},"runtime":"nodejs12","environmentVariables":{"FIREBASE_CONFIG":"{\"projectId\":\"main-nucleus-309421\",\"storageBucket\":\"main-nucleus-309421.appspot.com\",\"locationId\":\"us-central\"}"}}
[debug] [2021-04-05T14:22:58.211Z] <<< HTTP RESPONSE 200 {"content-type":"application/json; charset=UTF-8","vary":"X-Origin, Referer, Origin,Accept-Encoding","date":"Mon, 05 Apr 2021 14:22:58 GMT","server":"ESF","cache-control":"private","x-xss-protection":"0","x-frame-options":"SAMEORIGIN","x-content-type-options":"nosniff","alt-svc":"h3-29=\":443\"; ma=2592000,h3-T051=\":443\"; ma=2592000,h3-Q050=\":443\"; ma=2592000,h3-Q046=\":443\"; ma=2592000,h3-Q043=\":443\"; ma=2592000,quic=\":443\"; ma=2592000; v=\"46,43\"","accept-ranges":"none","transfer-encoding":"chunked"}
[debug] [2021-04-05T14:22:58.216Z] > refreshing access token with scopes: []
[debug] [2021-04-05T14:22:58.217Z] >>> HTTP REQUEST POST https://www.googleapis.com/oauth2/v3/token  
 <request body omitted>
[debug] [2021-04-05T14:22:58.294Z] <<< HTTP RESPONSE 200 {"date":"Mon, 05 Apr 2021 14:22:58 GMT","cache-control":"no-cache, no-store, max-age=0, must-revalidate","expires":"Mon, 01 Jan 1990 00:00:00 GMT","pragma":"no-cache","content-type":"application/json; charset=utf-8","vary":"X-Origin, Referer, Origin,Accept-Encoding","server":"scaffolding on HTTPServer2","x-xss-protection":"0","x-frame-options":"SAMEORIGIN","x-content-type-options":"nosniff","alt-svc":"h3-29=\":443\"; ma=2592000,h3-T051=\":443\"; ma=2592000,h3-Q050=\":443\"; ma=2592000,h3-Q046=\":443\"; ma=2592000,h3-Q043=\":443\"; ma=2592000,quic=\":443\"; ma=2592000; v=\"46,43\"","accept-ranges":"none","transfer-encoding":"chunked"}
[debug] [2021-04-05T14:22:58.304Z] >>> [apiv2][query] GET https://cloudfunctions.googleapis.com/v1/operations/bWFpbi1udWNsZXVzLTMwOTQyMS91cy1jZW50cmFsMS9oZWxsb1dvcmxkL3hmX3lkWXJHbDhr [none]
[debug] [2021-04-05T14:22:58.506Z] <<< [apiv2][status] GET https://cloudfunctions.googleapis.com/v1/operations/bWFpbi1udWNsZXVzLTMwOTQyMS91cy1jZW50cmFsMS9oZWxsb1dvcmxkL3hmX3lkWXJHbDhr 200
[debug] [2021-04-05T14:22:58.507Z] <<< [apiv2][body] GET https://cloudfunctions.googleapis.com/v1/operations/bWFpbi1udWNsZXVzLTMwOTQyMS91cy1jZW50cmFsMS9oZWxsb1dvcmxkL3hmX3lkWXJHbDhr {"name":"operations/bWFpbi1udWNsZXVzLTMwOTQyMS91cy1jZW50cmFsMS9oZWxsb1dvcmxkL3hmX3lkWXJHbDhr","metadata":{"@type":"type.googleapis.com/google.cloud.functions.v1.OperationMetadataV1","target":"projects/main-nucleus-309421/locations/us-central1/functions/helloWorld","type":"UPDATE_FUNCTION","request":{"@type":"type.googleapis.com/google.cloud.functions.v1.CloudFunction","name":"projects/main-nucleus-309421/locations/us-central1/functions/helloWorld","eventTrigger":{"eventType":"google.storage.object.finalize","resource":"projects/_/buckets/main-nucleus-309421.appspot.com","service":"storage.googleapis.com"},"status":"ACTIVE","entryPoint":"helloWorld","timeout":"60s","availableMemoryMb":256,"serviceAccountEmail":"main-nucleus-309421@appspot.gserviceaccount.com","updateTime":"2021-04-05T14:18:34.739Z","versionId":"29","labels":{"deployment-tool":"cli-firebase"},"sourceUploadUrl":"https://storage.googleapis.com/gcf-upload-us-central1-101227d8-edbd-44d3-80a6-7e93e00f2c30/3d2e72ea-ee60-42ec-baf1-1aacb324f25d.zip?GoogleAccessId=service-687059308655@gcf-admin-robot.iam.gserviceaccount.com&Expires=1617634376&Signature=HMu95hRjt%2Feb4yQqHb95%2FkJS0IPtUenOnX2R7zG0oe%2B77PxNfPVL7p9Ibey2kkGa6AGmtYD8FB7iZaC51MgBJqvMUpi8q3qNKGcWhHInGyrh2WAnVlm5PzikSRnDFh6Arl3Oh4zwVsUigq1o3BcL8ccOd7SkpkPJAnzjnT%2FMeY%2F2VjyWfC6dUh1Hzv79U7aNqhCoCUpuxCnHCpu4zh2E1rgVmyrVK3h0waW7aGCDk5yt6sGa1laNUIMgtWBoqjllcPOovcCbeCA8Htj%2BrgzSs5ubb5rWC8IhXpT0HmbfMimbZmmP0GcYSUHoqfqfhFt5mRTXk8iZOWbODVMCPeAkSQ%3D%3D","environmentVariables":{"FIREBASE_CONFIG":"{\"projectId\":\"main-nucleus-309421\",\"storageBucket\":\"main-nucleus-309421.appspot.com\",\"locationId\":\"us-central\"}"},"runtime":"nodejs12","ingressSettings":"ALLOW_ALL","buildId":"ea637a92-2833-4cdb-9609-6c0fdba9b4d9"},"versionId":"30","updateTime":"2021-04-05T14:22:58Z"}}
[debug] [2021-04-05T14:22:59.010Z] [update-projects/main-nucleus-309421/locations/us-central1/functions/helloWorld] Retrying task index 0
[debug] [2021-04-05T14:22:59.011Z] >>> [apiv2][query] GET https://cloudfunctions.googleapis.com/v1/operations/bWFpbi1udWNsZXVzLTMwOTQyMS91cy1jZW50cmFsMS9oZWxsb1dvcmxkL3hmX3lkWXJHbDhr [none]
[debug] [2021-04-05T14:22:59.239Z] <<< [apiv2][status] GET https://cloudfunctions.googleapis.com/v1/operations/bWFpbi1udWNsZXVzLTMwOTQyMS91cy1jZW50cmFsMS9oZWxsb1dvcmxkL3hmX3lkWXJHbDhr 200
[debug] [2021-04-05T14:22:59.239Z] <<< [apiv2][body] GET https://cloudfunctions.googleapis.com/v1/operations/bWFpbi1udWNsZXVzLTMwOTQyMS91cy1jZW50cmFsMS9oZWxsb1dvcmxkL3hmX3lkWXJHbDhr {"name":"operations/bWFpbi1udWNsZXVzLTMwOTQyMS91cy1jZW50cmFsMS9oZWxsb1dvcmxkL3hmX3lkWXJHbDhr","metadata":{"@type":"type.googleapis.com/google.cloud.functions.v1.OperationMetadataV1","target":"projects/main-nucleus-309421/locations/us-central1/functions/helloWorld","type":"UPDATE_FUNCTION","request":{"@type":"type.googleapis.com/google.cloud.functions.v1.CloudFunction","name":"projects/main-nucleus-309421/locations/us-central1/functions/helloWorld","eventTrigger":{"eventType":"google.storage.object.finalize","resource":"projects/_/buckets/main-nucleus-309421.appspot.com","service":"storage.googleapis.com"},"status":"ACTIVE","entryPoint":"helloWorld","timeout":"60s","availableMemoryMb":256,"serviceAccountEmail":"main-nucleus-309421@appspot.gserviceaccount.com","updateTime":"2021-04-05T14:18:34.739Z","versionId":"29","labels":{"deployment-tool":"cli-firebase"},"sourceUploadUrl":"https://storage.googleapis.com/gcf-upload-us-central1-101227d8-edbd-44d3-80a6-7e93e00f2c30/3d2e72ea-ee60-42ec-baf1-1aacb324f25d.zip?GoogleAccessId=service-687059308655@gcf-admin-robot.iam.gserviceaccount.com&Expires=1617634376&Signature=HMu95hRjt%2Feb4yQqHb95%2FkJS0IPtUenOnX2R7zG0oe%2B77PxNfPVL7p9Ibey2kkGa6AGmtYD8FB7iZaC51MgBJqvMUpi8q3qNKGcWhHInGyrh2WAnVlm5PzikSRnDFh6Arl3Oh4zwVsUigq1o3BcL8ccOd7SkpkPJAnzjnT%2FMeY%2F2VjyWfC6dUh1Hzv79U7aNqhCoCUpuxCnHCpu4zh2E1rgVmyrVK3h0waW7aGCDk5yt6sGa1laNUIMgtWBoqjllcPOovcCbeCA8Htj%2BrgzSs5ubb5rWC8IhXpT0HmbfMimbZmmP0GcYSUHoqfqfhFt5mRTXk8iZOWbODVMCPeAkSQ%3D%3D","environmentVariables":{"FIREBASE_CONFIG":"{\"projectId\":\"main-nucleus-309421\",\"storageBucket\":\"main-nucleus-309421.appspot.com\",\"locationId\":\"us-central\"}"},"runtime":"nodejs12","ingressSettings":"ALLOW_ALL","buildId":"ea637a92-2833-4cdb-9609-6c0fdba9b4d9"},"versionId":"30","updateTime":"2021-04-05T14:22:58Z","buildId":"57baf467-fcb2-465a-9284-af0a4d227b30"}}
[debug] [2021-04-05T14:23:00.242Z] [update-projects/main-nucleus-309421/locations/us-central1/functions/helloWorld] Retrying task index 0
[debug] [2021-04-05T14:23:00.242Z] >>> [apiv2][query] GET https://cloudfunctions.googleapis.com/v1/operations/bWFpbi1udWNsZXVzLTMwOTQyMS91cy1jZW50cmFsMS9oZWxsb1dvcmxkL3hmX3lkWXJHbDhr [none]
[debug] [2021-04-05T14:23:00.469Z] <<< [apiv2][status] GET https://cloudfunctions.googleapis.com/v1/operations/bWFpbi1udWNsZXVzLTMwOTQyMS91cy1jZW50cmFsMS9oZWxsb1dvcmxkL3hmX3lkWXJHbDhr 200
[debug] [2021-04-05T14:23:00.469Z] <<< [apiv2][body] GET https://cloudfunctions.googleapis.com/v1/operations/bWFpbi1udWNsZXVzLTMwOTQyMS91cy1jZW50cmFsMS9oZWxsb1dvcmxkL3hmX3lkWXJHbDhr {"name":"operations/bWFpbi1udWNsZXVzLTMwOTQyMS91cy1jZW50cmFsMS9oZWxsb1dvcmxkL3hmX3lkWXJHbDhr","metadata":{"@type":"type.googleapis.com/google.cloud.functions.v1.OperationMetadataV1","target":"projects/main-nucleus-309421/locations/us-central1/functions/helloWorld","type":"UPDATE_FUNCTION","request":{"@type":"type.googleapis.com/google.cloud.functions.v1.CloudFunction","name":"projects/main-nucleus-309421/locations/us-central1/functions/helloWorld","eventTrigger":{"eventType":"google.storage.object.finalize","resource":"projects/_/buckets/main-nucleus-309421.appspot.com","service":"storage.googleapis.com"},"status":"ACTIVE","entryPoint":"helloWorld","timeout":"60s","availableMemoryMb":256,"serviceAccountEmail":"main-nucleus-309421@appspot.gserviceaccount.com","updateTime":"2021-04-05T14:18:34.739Z","versionId":"29","labels":{"deployment-tool":"cli-firebase"},"sourceUploadUrl":"https://storage.googleapis.com/gcf-upload-us-central1-101227d8-edbd-44d3-80a6-7e93e00f2c30/3d2e72ea-ee60-42ec-baf1-1aacb324f25d.zip?GoogleAccessId=service-687059308655@gcf-admin-robot.iam.gserviceaccount.com&Expires=1617634376&Signature=HMu95hRjt%2Feb4yQqHb95%2FkJS0IPtUenOnX2R7zG0oe%2B77PxNfPVL7p9Ibey2kkGa6AGmtYD8FB7iZaC51MgBJqvMUpi8q3qNKGcWhHInGyrh2WAnVlm5PzikSRnDFh6Arl3Oh4zwVsUigq1o3BcL8ccOd7SkpkPJAnzjnT%2FMeY%2F2VjyWfC6dUh1Hzv79U7aNqhCoCUpuxCnHCpu4zh2E1rgVmyrVK3h0waW7aGCDk5yt6sGa1laNUIMgtWBoqjllcPOovcCbeCA8Htj%2BrgzSs5ubb5rWC8IhXpT0HmbfMimbZmmP0GcYSUHoqfqfhFt5mRTXk8iZOWbODVMCPeAkSQ%3D%3D","environmentVariables":{"FIREBASE_CONFIG":"{\"projectId\":\"main-nucleus-309421\",\"storageBucket\":\"main-nucleus-309421.appspot.com\",\"locationId\":\"us-central\"}"},"runtime":"nodejs12","ingressSettings":"ALLOW_ALL","buildId":"ea637a92-2833-4cdb-9609-6c0fdba9b4d9"},"versionId":"30","updateTime":"2021-04-05T14:22:58Z","buildId":"57baf467-fcb2-465a-9284-af0a4d227b30"}}
[debug] [2021-04-05T14:23:02.473Z] [update-projects/main-nucleus-309421/locations/us-central1/functions/helloWorld] Retrying task index 0
[debug] [2021-04-05T14:23:02.473Z] >>> [apiv2][query] GET https://cloudfunctions.googleapis.com/v1/operations/bWFpbi1udWNsZXVzLTMwOTQyMS91cy1jZW50cmFsMS9oZWxsb1dvcmxkL3hmX3lkWXJHbDhr [none]
[debug] [2021-04-05T14:23:02.645Z] <<< [apiv2][status] GET https://cloudfunctions.googleapis.com/v1/operations/bWFpbi1udWNsZXVzLTMwOTQyMS91cy1jZW50cmFsMS9oZWxsb1dvcmxkL3hmX3lkWXJHbDhr 200
[debug] [2021-04-05T14:23:02.646Z] <<< [apiv2][body] GET https://cloudfunctions.googleapis.com/v1/operations/bWFpbi1udWNsZXVzLTMwOTQyMS91cy1jZW50cmFsMS9oZWxsb1dvcmxkL3hmX3lkWXJHbDhr {"name":"operations/bWFpbi1udWNsZXVzLTMwOTQyMS91cy1jZW50cmFsMS9oZWxsb1dvcmxkL3hmX3lkWXJHbDhr","metadata":{"@type":"type.googleapis.com/google.cloud.functions.v1.OperationMetadataV1","target":"projects/main-nucleus-309421/locations/us-central1/functions/helloWorld","type":"UPDATE_FUNCTION","request":{"@type":"type.googleapis.com/google.cloud.functions.v1.CloudFunction","name":"projects/main-nucleus-309421/locations/us-central1/functions/helloWorld","eventTrigger":{"eventType":"google.storage.object.finalize","resource":"projects/_/buckets/main-nucleus-309421.appspot.com","service":"storage.googleapis.com"},"status":"ACTIVE","entryPoint":"helloWorld","timeout":"60s","availableMemoryMb":256,"serviceAccountEmail":"main-nucleus-309421@appspot.gserviceaccount.com","updateTime":"2021-04-05T14:18:34.739Z","versionId":"29","labels":{"deployment-tool":"cli-firebase"},"sourceUploadUrl":"https://storage.googleapis.com/gcf-upload-us-central1-101227d8-edbd-44d3-80a6-7e93e00f2c30/3d2e72ea-ee60-42ec-baf1-1aacb324f25d.zip?GoogleAccessId=service-687059308655@gcf-admin-robot.iam.gserviceaccount.com&Expires=1617634376&Signature=HMu95hRjt%2Feb4yQqHb95%2FkJS0IPtUenOnX2R7zG0oe%2B77PxNfPVL7p9Ibey2kkGa6AGmtYD8FB7iZaC51MgBJqvMUpi8q3qNKGcWhHInGyrh2WAnVlm5PzikSRnDFh6Arl3Oh4zwVsUigq1o3BcL8ccOd7SkpkPJAnzjnT%2FMeY%2F2VjyWfC6dUh1Hzv79U7aNqhCoCUpuxCnHCpu4zh2E1rgVmyrVK3h0waW7aGCDk5yt6sGa1laNUIMgtWBoqjllcPOovcCbeCA8Htj%2BrgzSs5ubb5rWC8IhXpT0HmbfMimbZmmP0GcYSUHoqfqfhFt5mRTXk8iZOWbODVMCPeAkSQ%3D%3D","environmentVariables":{"FIREBASE_CONFIG":"{\"projectId\":\"main-nucleus-309421\",\"storageBucket\":\"main-nucleus-309421.appspot.com\",\"locationId\":\"us-central\"}"},"runtime":"nodejs12","ingressSettings":"ALLOW_ALL","buildId":"ea637a92-2833-4cdb-9609-6c0fdba9b4d9"},"versionId":"30","updateTime":"2021-04-05T14:22:58Z","buildId":"57baf467-fcb2-465a-9284-af0a4d227b30"}}
[debug] [2021-04-05T14:23:06.651Z] [update-projects/main-nucleus-309421/locations/us-central1/functions/helloWorld] Retrying task index 0
[debug] [2021-04-05T14:23:06.652Z] >>> [apiv2][query] GET https://cloudfunctions.googleapis.com/v1/operations/bWFpbi1udWNsZXVzLTMwOTQyMS91cy1jZW50cmFsMS9oZWxsb1dvcmxkL3hmX3lkWXJHbDhr [none]
[debug] [2021-04-05T14:23:06.825Z] <<< [apiv2][status] GET https://cloudfunctions.googleapis.com/v1/operations/bWFpbi1udWNsZXVzLTMwOTQyMS91cy1jZW50cmFsMS9oZWxsb1dvcmxkL3hmX3lkWXJHbDhr 200
[debug] [2021-04-05T14:23:06.826Z] <<< [apiv2][body] GET https://cloudfunctions.googleapis.com/v1/operations/bWFpbi1udWNsZXVzLTMwOTQyMS91cy1jZW50cmFsMS9oZWxsb1dvcmxkL3hmX3lkWXJHbDhr {"name":"operations/bWFpbi1udWNsZXVzLTMwOTQyMS91cy1jZW50cmFsMS9oZWxsb1dvcmxkL3hmX3lkWXJHbDhr","metadata":{"@type":"type.googleapis.com/google.cloud.functions.v1.OperationMetadataV1","target":"projects/main-nucleus-309421/locations/us-central1/functions/helloWorld","type":"UPDATE_FUNCTION","request":{"@type":"type.googleapis.com/google.cloud.functions.v1.CloudFunction","name":"projects/main-nucleus-309421/locations/us-central1/functions/helloWorld","eventTrigger":{"eventType":"google.storage.object.finalize","resource":"projects/_/buckets/main-nucleus-309421.appspot.com","service":"storage.googleapis.com"},"status":"ACTIVE","entryPoint":"helloWorld","timeout":"60s","availableMemoryMb":256,"serviceAccountEmail":"main-nucleus-309421@appspot.gserviceaccount.com","updateTime":"2021-04-05T14:18:34.739Z","versionId":"29","labels":{"deployment-tool":"cli-firebase"},"sourceUploadUrl":"https://storage.googleapis.com/gcf-upload-us-central1-101227d8-edbd-44d3-80a6-7e93e00f2c30/3d2e72ea-ee60-42ec-baf1-1aacb324f25d.zip?GoogleAccessId=service-687059308655@gcf-admin-robot.iam.gserviceaccount.com&Expires=1617634376&Signature=HMu95hRjt%2Feb4yQqHb95%2FkJS0IPtUenOnX2R7zG0oe%2B77PxNfPVL7p9Ibey2kkGa6AGmtYD8FB7iZaC51MgBJqvMUpi8q3qNKGcWhHInGyrh2WAnVlm5PzikSRnDFh6Arl3Oh4zwVsUigq1o3BcL8ccOd7SkpkPJAnzjnT%2FMeY%2F2VjyWfC6dUh1Hzv79U7aNqhCoCUpuxCnHCpu4zh2E1rgVmyrVK3h0waW7aGCDk5yt6sGa1laNUIMgtWBoqjllcPOovcCbeCA8Htj%2BrgzSs5ubb5rWC8IhXpT0HmbfMimbZmmP0GcYSUHoqfqfhFt5mRTXk8iZOWbODVMCPeAkSQ%3D%3D","environmentVariables":{"FIREBASE_CONFIG":"{\"projectId\":\"main-nucleus-309421\",\"storageBucket\":\"main-nucleus-309421.appspot.com\",\"locationId\":\"us-central\"}"},"runtime":"nodejs12","ingressSettings":"ALLOW_ALL","buildId":"ea637a92-2833-4cdb-9609-6c0fdba9b4d9"},"versionId":"30","updateTime":"2021-04-05T14:22:58Z","buildId":"57baf467-fcb2-465a-9284-af0a4d227b30"}}
[debug] [2021-04-05T14:23:14.834Z] [update-projects/main-nucleus-309421/locations/us-central1/functions/helloWorld] Retrying task index 0
[debug] [2021-04-05T14:23:14.834Z] >>> [apiv2][query] GET https://cloudfunctions.googleapis.com/v1/operations/bWFpbi1udWNsZXVzLTMwOTQyMS91cy1jZW50cmFsMS9oZWxsb1dvcmxkL3hmX3lkWXJHbDhr [none]
[debug] [2021-04-05T14:23:15.110Z] <<< [apiv2][status] GET https://cloudfunctions.googleapis.com/v1/operations/bWFpbi1udWNsZXVzLTMwOTQyMS91cy1jZW50cmFsMS9oZWxsb1dvcmxkL3hmX3lkWXJHbDhr 200
[debug] [2021-04-05T14:23:15.110Z] <<< [apiv2][body] GET https://cloudfunctions.googleapis.com/v1/operations/bWFpbi1udWNsZXVzLTMwOTQyMS91cy1jZW50cmFsMS9oZWxsb1dvcmxkL3hmX3lkWXJHbDhr {"name":"operations/bWFpbi1udWNsZXVzLTMwOTQyMS91cy1jZW50cmFsMS9oZWxsb1dvcmxkL3hmX3lkWXJHbDhr","metadata":{"@type":"type.googleapis.com/google.cloud.functions.v1.OperationMetadataV1","target":"projects/main-nucleus-309421/locations/us-central1/functions/helloWorld","type":"UPDATE_FUNCTION","request":{"@type":"type.googleapis.com/google.cloud.functions.v1.CloudFunction","name":"projects/main-nucleus-309421/locations/us-central1/functions/helloWorld","eventTrigger":{"eventType":"google.storage.object.finalize","resource":"projects/_/buckets/main-nucleus-309421.appspot.com","service":"storage.googleapis.com"},"status":"ACTIVE","entryPoint":"helloWorld","timeout":"60s","availableMemoryMb":256,"serviceAccountEmail":"main-nucleus-309421@appspot.gserviceaccount.com","updateTime":"2021-04-05T14:18:34.739Z","versionId":"29","labels":{"deployment-tool":"cli-firebase"},"sourceUploadUrl":"https://storage.googleapis.com/gcf-upload-us-central1-101227d8-edbd-44d3-80a6-7e93e00f2c30/3d2e72ea-ee60-42ec-baf1-1aacb324f25d.zip?GoogleAccessId=service-687059308655@gcf-admin-robot.iam.gserviceaccount.com&Expires=1617634376&Signature=HMu95hRjt%2Feb4yQqHb95%2FkJS0IPtUenOnX2R7zG0oe%2B77PxNfPVL7p9Ibey2kkGa6AGmtYD8FB7iZaC51MgBJqvMUpi8q3qNKGcWhHInGyrh2WAnVlm5PzikSRnDFh6Arl3Oh4zwVsUigq1o3BcL8ccOd7SkpkPJAnzjnT%2FMeY%2F2VjyWfC6dUh1Hzv79U7aNqhCoCUpuxCnHCpu4zh2E1rgVmyrVK3h0waW7aGCDk5yt6sGa1laNUIMgtWBoqjllcPOovcCbeCA8Htj%2BrgzSs5ubb5rWC8IhXpT0HmbfMimbZmmP0GcYSUHoqfqfhFt5mRTXk8iZOWbODVMCPeAkSQ%3D%3D","environmentVariables":{"FIREBASE_CONFIG":"{\"projectId\":\"main-nucleus-309421\",\"storageBucket\":\"main-nucleus-309421.appspot.com\",\"locationId\":\"us-central\"}"},"runtime":"nodejs12","ingressSettings":"ALLOW_ALL","buildId":"ea637a92-2833-4cdb-9609-6c0fdba9b4d9"},"versionId":"30","updateTime":"2021-04-05T14:22:58Z","buildId":"57baf467-fcb2-465a-9284-af0a4d227b30"}}
[debug] [2021-04-05T14:23:31.126Z] [update-projects/main-nucleus-309421/locations/us-central1/functions/helloWorld] Retrying task index 0
[debug] [2021-04-05T14:23:31.126Z] >>> [apiv2][query] GET https://cloudfunctions.googleapis.com/v1/operations/bWFpbi1udWNsZXVzLTMwOTQyMS91cy1jZW50cmFsMS9oZWxsb1dvcmxkL3hmX3lkWXJHbDhr [none]
[debug] [2021-04-05T14:23:31.301Z] <<< [apiv2][status] GET https://cloudfunctions.googleapis.com/v1/operations/bWFpbi1udWNsZXVzLTMwOTQyMS91cy1jZW50cmFsMS9oZWxsb1dvcmxkL3hmX3lkWXJHbDhr 200
[debug] [2021-04-05T14:23:31.301Z] <<< [apiv2][body] GET https://cloudfunctions.googleapis.com/v1/operations/bWFpbi1udWNsZXVzLTMwOTQyMS91cy1jZW50cmFsMS9oZWxsb1dvcmxkL3hmX3lkWXJHbDhr {"name":"operations/bWFpbi1udWNsZXVzLTMwOTQyMS91cy1jZW50cmFsMS9oZWxsb1dvcmxkL3hmX3lkWXJHbDhr","metadata":{"@type":"type.googleapis.com/google.cloud.functions.v1.OperationMetadataV1","target":"projects/main-nucleus-309421/locations/us-central1/functions/helloWorld","type":"UPDATE_FUNCTION","request":{"@type":"type.googleapis.com/google.cloud.functions.v1.CloudFunction","name":"projects/main-nucleus-309421/locations/us-central1/functions/helloWorld","eventTrigger":{"eventType":"google.storage.object.finalize","resource":"projects/_/buckets/main-nucleus-309421.appspot.com","service":"storage.googleapis.com"},"status":"ACTIVE","entryPoint":"helloWorld","timeout":"60s","availableMemoryMb":256,"serviceAccountEmail":"main-nucleus-309421@appspot.gserviceaccount.com","updateTime":"2021-04-05T14:18:34.739Z","versionId":"29","labels":{"deployment-tool":"cli-firebase"},"sourceUploadUrl":"https://storage.googleapis.com/gcf-upload-us-central1-101227d8-edbd-44d3-80a6-7e93e00f2c30/3d2e72ea-ee60-42ec-baf1-1aacb324f25d.zip?GoogleAccessId=service-687059308655@gcf-admin-robot.iam.gserviceaccount.com&Expires=1617634376&Signature=HMu95hRjt%2Feb4yQqHb95%2FkJS0IPtUenOnX2R7zG0oe%2B77PxNfPVL7p9Ibey2kkGa6AGmtYD8FB7iZaC51MgBJqvMUpi8q3qNKGcWhHInGyrh2WAnVlm5PzikSRnDFh6Arl3Oh4zwVsUigq1o3BcL8ccOd7SkpkPJAnzjnT%2FMeY%2F2VjyWfC6dUh1Hzv79U7aNqhCoCUpuxCnHCpu4zh2E1rgVmyrVK3h0waW7aGCDk5yt6sGa1laNUIMgtWBoqjllcPOovcCbeCA8Htj%2BrgzSs5ubb5rWC8IhXpT0HmbfMimbZmmP0GcYSUHoqfqfhFt5mRTXk8iZOWbODVMCPeAkSQ%3D%3D","environmentVariables":{"FIREBASE_CONFIG":"{\"projectId\":\"main-nucleus-309421\",\"storageBucket\":\"main-nucleus-309421.appspot.com\",\"locationId\":\"us-central\"}"},"runtime":"nodejs12","ingressSettings":"ALLOW_ALL","buildId":"ea637a92-2833-4cdb-9609-6c0fdba9b4d9"},"versionId":"30","updateTime":"2021-04-05T14:22:58Z","buildId":"57baf467-fcb2-465a-9284-af0a4d227b30"}}
[debug] [2021-04-05T14:24:03.304Z] [update-projects/main-nucleus-309421/locations/us-central1/functions/helloWorld] Retrying task index 0
[debug] [2021-04-05T14:24:03.304Z] >>> [apiv2][query] GET https://cloudfunctions.googleapis.com/v1/operations/bWFpbi1udWNsZXVzLTMwOTQyMS91cy1jZW50cmFsMS9oZWxsb1dvcmxkL3hmX3lkWXJHbDhr [none]
[debug] [2021-04-05T14:24:03.545Z] <<< [apiv2][status] GET https://cloudfunctions.googleapis.com/v1/operations/bWFpbi1udWNsZXVzLTMwOTQyMS91cy1jZW50cmFsMS9oZWxsb1dvcmxkL3hmX3lkWXJHbDhr 200
[debug] [2021-04-05T14:24:03.545Z] <<< [apiv2][body] GET https://cloudfunctions.googleapis.com/v1/operations/bWFpbi1udWNsZXVzLTMwOTQyMS91cy1jZW50cmFsMS9oZWxsb1dvcmxkL3hmX3lkWXJHbDhr {"name":"operations/bWFpbi1udWNsZXVzLTMwOTQyMS91cy1jZW50cmFsMS9oZWxsb1dvcmxkL3hmX3lkWXJHbDhr","metadata":{"@type":"type.googleapis.com/google.cloud.functions.v1.OperationMetadataV1","target":"projects/main-nucleus-309421/locations/us-central1/functions/helloWorld","type":"UPDATE_FUNCTION","request":{"@type":"type.googleapis.com/google.cloud.functions.v1.CloudFunction","name":"projects/main-nucleus-309421/locations/us-central1/functions/helloWorld","eventTrigger":{"eventType":"google.storage.object.finalize","resource":"projects/_/buckets/main-nucleus-309421.appspot.com","service":"storage.googleapis.com"},"status":"ACTIVE","entryPoint":"helloWorld","timeout":"60s","availableMemoryMb":256,"serviceAccountEmail":"main-nucleus-309421@appspot.gserviceaccount.com","updateTime":"2021-04-05T14:18:34.739Z","versionId":"29","labels":{"deployment-tool":"cli-firebase"},"sourceUploadUrl":"https://storage.googleapis.com/gcf-upload-us-central1-101227d8-edbd-44d3-80a6-7e93e00f2c30/3d2e72ea-ee60-42ec-baf1-1aacb324f25d.zip?GoogleAccessId=service-687059308655@gcf-admin-robot.iam.gserviceaccount.com&Expires=1617634376&Signature=HMu95hRjt%2Feb4yQqHb95%2FkJS0IPtUenOnX2R7zG0oe%2B77PxNfPVL7p9Ibey2kkGa6AGmtYD8FB7iZaC51MgBJqvMUpi8q3qNKGcWhHInGyrh2WAnVlm5PzikSRnDFh6Arl3Oh4zwVsUigq1o3BcL8ccOd7SkpkPJAnzjnT%2FMeY%2F2VjyWfC6dUh1Hzv79U7aNqhCoCUpuxCnHCpu4zh2E1rgVmyrVK3h0waW7aGCDk5yt6sGa1laNUIMgtWBoqjllcPOovcCbeCA8Htj%2BrgzSs5ubb5rWC8IhXpT0HmbfMimbZmmP0GcYSUHoqfqfhFt5mRTXk8iZOWbODVMCPeAkSQ%3D%3D","environmentVariables":{"FIREBASE_CONFIG":"{\"projectId\":\"main-nucleus-309421\",\"storageBucket\":\"main-nucleus-309421.appspot.com\",\"locationId\":\"us-central\"}"},"runtime":"nodejs12","ingressSettings":"ALLOW_ALL","buildId":"ea637a92-2833-4cdb-9609-6c0fdba9b4d9"},"versionId":"30","updateTime":"2021-04-05T14:22:58Z","buildId":"57baf467-fcb2-465a-9284-af0a4d227b30","sourceToken":"6ef2f79a-535f-4fa0-bcc3-6b57e55a0f42"}}
[debug] [2021-04-05T14:24:03.545Z] Got sourceToken 6ef2f79a-535f-4fa0-bcc3-6b57e55a0f42 for region us-central1
